<?xml version="1.0" encoding="UTF-8"?>
<testsuite name="com.spring.boot.ci.cd.SpringBootCiCdApplicationTests" tests="1" skipped="0" failures="0" errors="0" timestamp="2022-11-10T10:54:06" hostname="NIS-PK666.local" time="0.4">
  <properties/>
  <testcase name="contextLoads()" classname="com.spring.boot.ci.cd.SpringBootCiCdApplicationTests" time="0.4"/>
  <system-out><![CDATA[15:54:04.423 [Test worker] DEBUG org.springframework.test.context.BootstrapUtils - Instantiating CacheAwareContextLoaderDelegate from class [org.springframework.test.context.cache.DefaultCacheAwareContextLoaderDelegate]
15:54:04.432 [Test worker] DEBUG org.springframework.test.context.BootstrapUtils - Instantiating BootstrapContext using constructor [public org.springframework.test.context.support.DefaultBootstrapContext(java.lang.Class,org.springframework.test.context.CacheAwareContextLoaderDelegate)]
15:54:04.457 [Test worker] DEBUG org.springframework.test.context.BootstrapUtils - Instantiating TestContextBootstrapper for test class [com.spring.boot.ci.cd.SpringBootCiCdApplicationTests] from class [org.springframework.boot.test.context.SpringBootTestContextBootstrapper]
15:54:04.470 [Test worker] INFO org.springframework.boot.test.context.SpringBootTestContextBootstrapper - Neither @ContextConfiguration nor @ContextHierarchy found for test class [com.spring.boot.ci.cd.SpringBootCiCdApplicationTests], using SpringBootContextLoader
15:54:04.473 [Test worker] DEBUG org.springframework.test.context.support.AbstractContextLoader - Did not detect default resource location for test class [com.spring.boot.ci.cd.SpringBootCiCdApplicationTests]: class path resource [com/spring/boot/ci/cd/SpringBootCiCdApplicationTests-context.xml] does not exist
15:54:04.474 [Test worker] DEBUG org.springframework.test.context.support.AbstractContextLoader - Did not detect default resource location for test class [com.spring.boot.ci.cd.SpringBootCiCdApplicationTests]: class path resource [com/spring/boot/ci/cd/SpringBootCiCdApplicationTestsContext.groovy] does not exist
15:54:04.474 [Test worker] INFO org.springframework.test.context.support.AbstractContextLoader - Could not detect default resource locations for test class [com.spring.boot.ci.cd.SpringBootCiCdApplicationTests]: no resource found for suffixes {-context.xml, Context.groovy}.
15:54:04.475 [Test worker] INFO org.springframework.test.context.support.AnnotationConfigContextLoaderUtils - Could not detect default configuration classes for test class [com.spring.boot.ci.cd.SpringBootCiCdApplicationTests]: SpringBootCiCdApplicationTests does not declare any static, non-private, non-final, nested classes annotated with @Configuration.
15:54:04.519 [Test worker] DEBUG org.springframework.test.context.support.ActiveProfilesUtils - Could not find an 'annotation declaring class' for annotation type [org.springframework.test.context.ActiveProfiles] and class [com.spring.boot.ci.cd.SpringBootCiCdApplicationTests]
15:54:04.561 [Test worker] DEBUG org.springframework.context.annotation.ClassPathScanningCandidateComponentProvider - Identified candidate component class: file [/Users/talalahmed/Desktop/DevOps/spring-boot-ci-cd/build/classes/java/main/com/spring/boot/ci/cd/SpringBootCiCdApplication.class]
15:54:04.561 [Test worker] INFO org.springframework.boot.test.context.SpringBootTestContextBootstrapper - Found @SpringBootConfiguration com.spring.boot.ci.cd.SpringBootCiCdApplication for test class com.spring.boot.ci.cd.SpringBootCiCdApplicationTests
15:54:04.627 [Test worker] DEBUG org.springframework.boot.test.context.SpringBootTestContextBootstrapper - @TestExecutionListeners is not present for class [com.spring.boot.ci.cd.SpringBootCiCdApplicationTests]: using defaults.
15:54:04.627 [Test worker] INFO org.springframework.boot.test.context.SpringBootTestContextBootstrapper - Loaded default TestExecutionListener class names from location [META-INF/spring.factories]: [org.springframework.boot.test.autoconfigure.restdocs.RestDocsTestExecutionListener, org.springframework.boot.test.autoconfigure.web.client.MockRestServiceServerResetTestExecutionListener, org.springframework.boot.test.autoconfigure.web.servlet.MockMvcPrintOnlyOnFailureTestExecutionListener, org.springframework.boot.test.autoconfigure.web.servlet.WebDriverTestExecutionListener, org.springframework.boot.test.autoconfigure.webservices.client.MockWebServiceServerTestExecutionListener, org.springframework.boot.test.mock.mockito.MockitoTestExecutionListener, org.springframework.boot.test.mock.mockito.ResetMocksTestExecutionListener, org.springframework.test.context.web.ServletTestExecutionListener, org.springframework.test.context.support.DirtiesContextBeforeModesTestExecutionListener, org.springframework.test.context.event.ApplicationEventsTestExecutionListener, org.springframework.test.context.support.DependencyInjectionTestExecutionListener, org.springframework.test.context.support.DirtiesContextTestExecutionListener, org.springframework.test.context.transaction.TransactionalTestExecutionListener, org.springframework.test.context.jdbc.SqlScriptsTestExecutionListener, org.springframework.test.context.event.EventPublishingTestExecutionListener]
15:54:04.636 [Test worker] DEBUG org.springframework.boot.test.context.SpringBootTestContextBootstrapper - Skipping candidate TestExecutionListener [org.springframework.test.context.transaction.TransactionalTestExecutionListener] due to a missing dependency. Specify custom listener classes or make the default listener classes and their required dependencies available. Offending class: [org/springframework/transaction/interceptor/TransactionAttributeSource]
15:54:04.636 [Test worker] DEBUG org.springframework.boot.test.context.SpringBootTestContextBootstrapper - Skipping candidate TestExecutionListener [org.springframework.test.context.jdbc.SqlScriptsTestExecutionListener] due to a missing dependency. Specify custom listener classes or make the default listener classes and their required dependencies available. Offending class: [org/springframework/transaction/interceptor/TransactionAttribute]
15:54:04.637 [Test worker] INFO org.springframework.boot.test.context.SpringBootTestContextBootstrapper - Using TestExecutionListeners: [org.springframework.test.context.web.ServletTestExecutionListener@f667fe, org.springframework.test.context.support.DirtiesContextBeforeModesTestExecutionListener@788fcafb, org.springframework.test.context.event.ApplicationEventsTestExecutionListener@4febb875, org.springframework.boot.test.mock.mockito.MockitoTestExecutionListener@25e2a451, org.springframework.boot.test.autoconfigure.SpringBootDependencyInjectionTestExecutionListener@1698ee84, org.springframework.test.context.support.DirtiesContextTestExecutionListener@10c626be, org.springframework.test.context.event.EventPublishingTestExecutionListener@2fc0cc3, org.springframework.boot.test.autoconfigure.restdocs.RestDocsTestExecutionListener@328cf0e1, org.springframework.boot.test.autoconfigure.web.client.MockRestServiceServerResetTestExecutionListener@63b1d4fa, org.springframework.boot.test.autoconfigure.web.servlet.MockMvcPrintOnlyOnFailureTestExecutionListener@42e3ede4, org.springframework.boot.test.autoconfigure.web.servlet.WebDriverTestExecutionListener@201b6b6f, org.springframework.boot.test.autoconfigure.webservices.client.MockWebServiceServerTestExecutionListener@75459c75, org.springframework.boot.test.mock.mockito.ResetMocksTestExecutionListener@183e8023]
15:54:04.639 [Test worker] DEBUG org.springframework.test.context.support.AbstractDirtiesContextTestExecutionListener - Before test class: context [DefaultTestContext@72cf2de5 testClass = SpringBootCiCdApplicationTests, testInstance = [null], testMethod = [null], testException = [null], mergedContextConfiguration = [WebMergedContextConfiguration@2bb7bd00 testClass = SpringBootCiCdApplicationTests, locations = '{}', classes = '{class com.spring.boot.ci.cd.SpringBootCiCdApplication}', contextInitializerClasses = '[]', activeProfiles = '{}', propertySourceLocations = '{}', propertySourceProperties = '{org.springframework.boot.test.context.SpringBootTestContextBootstrapper=true}', contextCustomizers = set[org.springframework.boot.test.autoconfigure.actuate.metrics.MetricsExportContextCustomizerFactory$DisableMetricExportContextCustomizer@5b67bb7e, org.springframework.boot.test.autoconfigure.properties.PropertyMappingContextCustomizer@0, org.springframework.boot.test.autoconfigure.web.servlet.WebDriverContextCustomizerFactory$Customizer@73302995, org.springframework.boot.test.context.filter.ExcludeFilterContextCustomizer@51133c06, org.springframework.boot.test.json.DuplicateJsonObjectContextCustomizerFactory$DuplicateJsonObjectContextCustomizer@4ebff610, org.springframework.boot.test.mock.mockito.MockitoContextCustomizer@0, org.springframework.boot.test.web.client.TestRestTemplateContextCustomizer@6f44a157, org.springframework.boot.test.context.SpringBootTestArgs@1, org.springframework.boot.test.context.SpringBootTestWebEnvironment@2002fc1d], resourceBasePath = 'src/main/webapp', contextLoader = 'org.springframework.boot.test.context.SpringBootContextLoader', parent = [null]], attributes = map['org.springframework.test.context.web.ServletTestExecutionListener.activateListener' -> true]], class annotated with @DirtiesContext [false] with mode [null].

  .   ____          _            __ _ _
 /\\ / ___'_ __ _ _(_)_ __  __ _ \ \ \ \
( ( )\___ | '_ | '_| | '_ \/ _` | \ \ \ \
 \\/  ___)| |_)| | | | | || (_| |  ) ) ) )
  '  |____| .__|_| |_|_| |_\__, | / / / /
 =========|_|==============|___/=/_/_/_/
 :: Spring Boot ::                (v2.6.3)

2022-11-10 15:54:05.048  INFO 6032 --- [    Test worker] c.s.b.c.c.SpringBootCiCdApplicationTests : Starting SpringBootCiCdApplicationTests using Java 17.0.5 on NIS-PK666.local with PID 6032 (started by talalahmed in /Users/talalahmed/Desktop/DevOps/spring-boot-ci-cd)
2022-11-10 15:54:05.049  INFO 6032 --- [    Test worker] c.s.b.c.c.SpringBootCiCdApplicationTests : No active profile set, falling back to default profiles: default
2022-11-10 15:54:06.424  INFO 6032 --- [    Test worker] o.s.b.a.e.web.EndpointLinksResolver      : Exposing 1 endpoint(s) beneath base path '/actuator'
2022-11-10 15:54:06.470  INFO 6032 --- [    Test worker] c.s.b.c.c.SpringBootCiCdApplicationTests : Started SpringBootCiCdApplicationTests in 1.804 seconds (JVM running for 2.698)
]]></system-out>
  <system-err><![CDATA[]]></system-err>
</testsuite>
